{
  "RSpec": {
    "coverage": {
      "/home/yaw/Desktop/code/topcoder/TC-HPWatermarkApp/config/environment.rb": [
        null,
        null,
        1,
        null,
        null,
        1
      ],
      "/home/yaw/Desktop/code/topcoder/TC-HPWatermarkApp/config/application.rb": [
        1,
        null,
        1,
        1,
        1,
        1,
        null,
        null,
        null,
        1,
        null,
        1,
        1,
        null,
        null,
        null,
        null,
        null,
        null,
        null,
        null,
        null,
        null,
        null,
        null,
        null
      ],
      "/home/yaw/Desktop/code/topcoder/TC-HPWatermarkApp/config/boot.rb": [
        null,
        1,
        null,
        1
      ],
      "/home/yaw/Desktop/code/topcoder/TC-HPWatermarkApp/config/environments/test.rb": [
        1,
        null,
        null,
        null,
        null,
        null,
        null,
        1,
        null,
        null,
        null,
        null,
        1,
        null,
        null,
        1,
        1,
        null,
        null,
        1,
        1,
        null,
        null,
        1,
        null,
        null,
        1,
        null,
        null,
        null,
        null,
        1,
        null,
        null,
        1,
        null,
        null,
        null,
        null
      ],
      "/home/yaw/Desktop/code/topcoder/TC-HPWatermarkApp/config/initializers/backtrace_silencers.rb": [
        null,
        null,
        null,
        null,
        null,
        null,
        null
      ],
      "/home/yaw/Desktop/code/topcoder/TC-HPWatermarkApp/config/initializers/cookies_serializer.rb": [
        null,
        null,
        1
      ],
      "/home/yaw/Desktop/code/topcoder/TC-HPWatermarkApp/config/initializers/filter_parameter_logging.rb": [
        null,
        null,
        null,
        1
      ],
      "/home/yaw/Desktop/code/topcoder/TC-HPWatermarkApp/config/initializers/inflections.rb": [
        null,
        null,
        null,
        null,
        null,
        null,
        null,
        null,
        null,
        null,
        null,
        null,
        null,
        null,
        null,
        null
      ],
      "/home/yaw/Desktop/code/topcoder/TC-HPWatermarkApp/config/initializers/mime_types.rb": [
        null,
        null,
        null,
        null
      ],
      "/home/yaw/Desktop/code/topcoder/TC-HPWatermarkApp/config/initializers/session_store.rb": [
        null,
        null,
        1
      ],
      "/home/yaw/Desktop/code/topcoder/TC-HPWatermarkApp/config/initializers/wrap_parameters.rb": [
        null,
        null,
        null,
        null,
        null,
        null,
        1,
        1,
        null,
        null,
        null,
        null,
        null,
        null
      ],
      "/home/yaw/Desktop/code/topcoder/TC-HPWatermarkApp/config/routes.rb": [
        1,
        null,
        null,
        null,
        null,
        null,
        null,
        1,
        1,
        1,
        1,
        1,
        null,
        null,
        null,
        1,
        1,
        1,
        null,
        1,
        null,
        null,
        null,
        null,
        null,
        null,
        null,
        null,
        null,
        null,
        null,
        null,
        null,
        null,
        null,
        null,
        null,
        null,
        null,
        null,
        null,
        null,
        null,
        null,
        null,
        null,
        null,
        null,
        null,
        null,
        null,
        null,
        null,
        null,
        null,
        null,
        null,
        null,
        null,
        null,
        null,
        null,
        null,
        null,
        null,
        null,
        null,
        null,
        null,
        null,
        null,
        null,
        null,
        null,
        null,
        null,
        null
      ],
      "/home/yaw/Desktop/code/topcoder/TC-HPWatermarkApp/app/helpers/application_helper.rb": [
        1,
        null
      ],
      "/home/yaw/Desktop/code/topcoder/TC-HPWatermarkApp/app/helpers/images_helper.rb": [
        1,
        null
      ],
      "/home/yaw/Desktop/code/topcoder/TC-HPWatermarkApp/app/helpers/payoffs_helper.rb": [
        1,
        null
      ],
      "/home/yaw/Desktop/code/topcoder/TC-HPWatermarkApp/app/helpers/projects_helper.rb": [
        1,
        null
      ],
      "/home/yaw/Desktop/code/topcoder/TC-HPWatermarkApp/app/helpers/regions_helper.rb": [
        1,
        null
      ],
      "/home/yaw/Desktop/code/topcoder/TC-HPWatermarkApp/app/helpers/sessions_helper.rb": [
        1,
        null
      ],
      "/home/yaw/Desktop/code/topcoder/TC-HPWatermarkApp/app/helpers/users_helper.rb": [
        1,
        null
      ],
      "/home/yaw/Desktop/code/topcoder/TC-HPWatermarkApp/db/schema.rb": [
        null,
        null,
        null,
        null,
        null,
        null,
        null,
        null,
        null,
        null,
        null,
        null,
        null,
        1,
        null,
        1,
        1,
        1,
        1,
        1,
        1,
        1,
        1,
        1,
        null,
        null,
        1,
        null,
        1,
        1,
        1,
        1,
        1,
        1,
        1,
        null,
        null,
        1,
        1,
        1,
        1,
        1,
        1,
        1,
        null,
        null,
        1,
        null,
        1,
        1,
        1,
        1,
        1,
        1,
        1,
        1,
        1,
        1,
        1,
        1,
        1,
        1,
        1,
        1,
        null,
        null,
        1,
        1,
        null,
        1,
        1,
        1,
        1,
        1,
        1,
        1,
        1,
        null,
        null,
        null
      ],
      "/home/yaw/Desktop/code/topcoder/TC-HPWatermarkApp/app/controllers/images_controller.rb": [
        1,
        1,
        1,
        1,
        null,
        1,
        null,
        1,
        0,
        0,
        null,
        null,
        1,
        0,
        null,
        null,
        1,
        0,
        0,
        0,
        null,
        null,
        1,
        null,
        null,
        1,
        0,
        0,
        0,
        0,
        null,
        null,
        1,
        0,
        0,
        null,
        null,
        1,
        0,
        0,
        null,
        null,
        1,
        1,
        0,
        null,
        null,
        1,
        0,
        null,
        null,
        1,
        0,
        null,
        null
      ],
      "/home/yaw/Desktop/code/topcoder/TC-HPWatermarkApp/app/controllers/application_controller.rb": [
        1,
        null,
        null,
        1,
        1,
        null,
        1,
        0,
        null,
        null,
        1,
        null,
        1,
        0,
        null,
        null
      ],
      "/home/yaw/Desktop/code/topcoder/TC-HPWatermarkApp/spec/controllers/payoff_controller_spec.rb": [
        1,
        null,
        1,
        null,
        null
      ],
      "/home/yaw/Desktop/code/topcoder/TC-HPWatermarkApp/app/controllers/payoffs_controller.rb": [
        1,
        1,
        1,
        null,
        1,
        null,
        1,
        0,
        0,
        null,
        null,
        1,
        0,
        null,
        null,
        1,
        0,
        0,
        null,
        null,
        1,
        null,
        null,
        1,
        0,
        0,
        0,
        null,
        null,
        1,
        0,
        0,
        null,
        null,
        1,
        0,
        0,
        null,
        null,
        1,
        1,
        0,
        null,
        null,
        1,
        0,
        null,
        null
      ],
      "/home/yaw/Desktop/code/topcoder/TC-HPWatermarkApp/spec/controllers/project_controller_spec.rb": [
        1,
        null,
        1,
        null,
        null
      ],
      "/home/yaw/Desktop/code/topcoder/TC-HPWatermarkApp/app/controllers/projects_controller.rb": [
        1,
        1,
        1,
        null,
        1,
        null,
        1,
        0,
        0,
        null,
        null,
        1,
        0,
        null,
        null,
        1,
        0,
        0,
        null,
        null,
        1,
        null,
        null,
        1,
        0,
        0,
        0,
        0,
        null,
        null,
        1,
        0,
        0,
        null,
        null,
        1,
        0,
        0,
        null,
        null,
        1,
        1,
        0,
        null,
        null,
        1,
        0,
        null,
        null
      ],
      "/home/yaw/Desktop/code/topcoder/TC-HPWatermarkApp/spec/controllers/region_controller_spec.rb": [
        1,
        null,
        1,
        null,
        null
      ],
      "/home/yaw/Desktop/code/topcoder/TC-HPWatermarkApp/app/controllers/regions_controller.rb": [
        1,
        1,
        1,
        null,
        1,
        null,
        1,
        0,
        0,
        null,
        null,
        1,
        0,
        null,
        null,
        1,
        0,
        0,
        null,
        null,
        1,
        null,
        null,
        1,
        0,
        0,
        0,
        null,
        null,
        1,
        0,
        0,
        null,
        null,
        1,
        0,
        0,
        null,
        null,
        1,
        1,
        0,
        null,
        null,
        1,
        0,
        null,
        null
      ],
      "/home/yaw/Desktop/code/topcoder/TC-HPWatermarkApp/spec/controllers/user_controller_spec.rb": [
        1,
        null,
        1,
        null,
        null
      ],
      "/home/yaw/Desktop/code/topcoder/TC-HPWatermarkApp/app/controllers/users_controller.rb": [
        1,
        1,
        1,
        null,
        null,
        null,
        1,
        0,
        null,
        null,
        null,
        null,
        1,
        null,
        null,
        null,
        1,
        0,
        null,
        null,
        null,
        1,
        null,
        null,
        null,
        null,
        1,
        0,
        null,
        0,
        0,
        0,
        0,
        0,
        null,
        0,
        0,
        null,
        null,
        null,
        null,
        1,
        null,
        null,
        null,
        1,
        0,
        null,
        0,
        0,
        0,
        null,
        0,
        null,
        null,
        null,
        1,
        0,
        0,
        0,
        null,
        null,
        null,
        1,
        0,
        0,
        0,
        0,
        null,
        0,
        0,
        null,
        null,
        null,
        null,
        null,
        null,
        1,
        0,
        0,
        0,
        0,
        null,
        null,
        null,
        1,
        null,
        1,
        0,
        null,
        null,
        null,
        1,
        0,
        null,
        null
      ],
      "/home/yaw/Desktop/code/topcoder/TC-HPWatermarkApp/spec/models/user_spec.rb": [
        null,
        1,
        null,
        1,
        1,
        null,
        null
      ],
      "/home/yaw/Desktop/code/topcoder/TC-HPWatermarkApp/app/models/user.rb": [
        1,
        1,
        1,
        1,
        1,
        1,
        1,
        null,
        1,
        null
      ]
    },
    "timestamp": 1434438196
  }
}
